ERROR 04-20 14:21:39[main] (Config.java:46) - Setting Runtime Arguments -DconfigPath Please
ERROR 04-20 14:29:43[main] (ApplicationProcessor.java:187) - An exception occurred during processing of the com.care.wink.UserAction class. This class is ignored.
java.lang.NullPointerException
	at com.care.wink.UserAction.<init>(UserAction.java:40)
	at sun.reflect.NativeConstructorAccessorImpl.newInstance0(Native Method)
	at sun.reflect.NativeConstructorAccessorImpl.newInstance(NativeConstructorAccessorImpl.java:57)
	at sun.reflect.DelegatingConstructorAccessorImpl.newInstance(DelegatingConstructorAccessorImpl.java:45)
	at java.lang.reflect.Constructor.newInstance(Constructor.java:526)
	at org.apache.wink.common.internal.lifecycle.CreationUtils.createObject(CreationUtils.java:66)
	at org.apache.wink.common.internal.lifecycle.LifecycleManagerUtils.createSingletonObjectFactory(LifecycleManagerUtils.java:61)
	at org.apache.wink.common.internal.lifecycle.ScopeLifecycleManager.createObjectFactory(ScopeLifecycleManager.java:65)
	at org.apache.wink.common.internal.lifecycle.LifecycleManagersRegistry.getObjectFactory(LifecycleManagersRegistry.java:79)
	at org.apache.wink.server.internal.registry.ResourceRecordFactory.getResourceRecord(ResourceRecordFactory.java:107)
	at org.apache.wink.server.internal.registry.ResourceRegistry.getRecord(ResourceRegistry.java:219)
	at org.apache.wink.server.internal.registry.ResourceRegistry.addResource(ResourceRegistry.java:164)
	at org.apache.wink.server.internal.application.ApplicationProcessor.processClasses(ApplicationProcessor.java:176)
	at org.apache.wink.server.internal.application.ApplicationProcessor.process(ApplicationProcessor.java:86)
	at org.apache.wink.server.internal.DeploymentConfiguration.addApplication(DeploymentConfiguration.java:339)
	at org.apache.wink.server.internal.servlet.RestServlet.createRequestProcessor(RestServlet.java:134)
	at org.apache.wink.server.internal.servlet.RestServlet.init(RestServlet.java:94)
	at javax.servlet.GenericServlet.init(GenericServlet.java:242)
	at org.eclipse.jetty.servlet.ServletHolder.initServlet(ServletHolder.java:492)
	at org.eclipse.jetty.servlet.ServletHolder.doStart(ServletHolder.java:312)
	at org.eclipse.jetty.util.component.AbstractLifeCycle.start(AbstractLifeCycle.java:59)
	at org.eclipse.jetty.servlet.ServletHandler.initialize(ServletHandler.java:777)
	at org.eclipse.jetty.servlet.ServletHandler.updateMappings(ServletHandler.java:1227)
	at org.eclipse.jetty.servlet.ServletHandler.setFilterMappings(ServletHandler.java:1263)
	at org.eclipse.jetty.servlet.ServletHandler.prependFilterMapping(ServletHandler.java:1112)
	at org.eclipse.jetty.servlet.FilterHolder$Registration.addMappingForUrlPatterns(FilterHolder.java:211)
	at org.apache.logging.log4j.core.web.Log4jServletContainerInitializer.onStartup(Log4jServletContainerInitializer.java:52)
	at org.eclipse.jetty.plus.annotation.ContainerInitializer.callStartup(ContainerInitializer.java:100)
	at org.eclipse.jetty.annotations.ServletContainerInitializerListener.contextInitialized(ServletContainerInitializerListener.java:99)
	at org.eclipse.jetty.server.handler.ContextHandler.callContextInitialized(ContextHandler.java:764)
	at org.eclipse.jetty.servlet.ServletContextHandler.callContextInitialized(ServletContextHandler.java:406)
	at org.eclipse.jetty.server.handler.ContextHandler.startContext(ContextHandler.java:756)
	at org.eclipse.jetty.servlet.ServletContextHandler.startContext(ServletContextHandler.java:242)
	at org.eclipse.jetty.webapp.WebAppContext.startContext(WebAppContext.java:1221)
	at org.eclipse.jetty.server.handler.ContextHandler.doStart(ContextHandler.java:699)
	at org.eclipse.jetty.webapp.WebAppContext.doStart(WebAppContext.java:454)
	at org.eclipse.jetty.util.component.AbstractLifeCycle.start(AbstractLifeCycle.java:59)
	at org.eclipse.jetty.server.handler.HandlerWrapper.doStart(HandlerWrapper.java:90)
	at org.eclipse.jetty.server.Server.doStart(Server.java:263)
	at org.eclipse.jetty.util.component.AbstractLifeCycle.start(AbstractLifeCycle.java:59)
	at runjettyrun.Bootstrap.main(Bootstrap.java:80)
ERROR 04-20 14:29:44[main] (Bootstarp.java:52) - 
java.lang.NullPointerException
	at com.care.listener.Bootstarp.contextInitialized(Bootstarp.java:47)
	at org.eclipse.jetty.server.handler.ContextHandler.callContextInitialized(ContextHandler.java:764)
	at org.eclipse.jetty.servlet.ServletContextHandler.callContextInitialized(ServletContextHandler.java:406)
	at org.eclipse.jetty.server.handler.ContextHandler.startContext(ContextHandler.java:756)
	at org.eclipse.jetty.servlet.ServletContextHandler.startContext(ServletContextHandler.java:242)
	at org.eclipse.jetty.webapp.WebAppContext.startContext(WebAppContext.java:1221)
	at org.eclipse.jetty.server.handler.ContextHandler.doStart(ContextHandler.java:699)
	at org.eclipse.jetty.webapp.WebAppContext.doStart(WebAppContext.java:454)
	at org.eclipse.jetty.util.component.AbstractLifeCycle.start(AbstractLifeCycle.java:59)
	at org.eclipse.jetty.server.handler.HandlerWrapper.doStart(HandlerWrapper.java:90)
	at org.eclipse.jetty.server.Server.doStart(Server.java:263)
	at org.eclipse.jetty.util.component.AbstractLifeCycle.start(AbstractLifeCycle.java:59)
	at runjettyrun.Bootstrap.main(Bootstrap.java:80)
ERROR 04-20 14:29:44[main] (Bootstarp.java:52) - 
java.lang.NullPointerException
	at com.care.listener.Bootstarp.contextInitialized(Bootstarp.java:47)
	at org.eclipse.jetty.server.handler.ContextHandler.callContextInitialized(ContextHandler.java:764)
	at org.eclipse.jetty.servlet.ServletContextHandler.callContextInitialized(ServletContextHandler.java:406)
	at org.eclipse.jetty.server.handler.ContextHandler.startContext(ContextHandler.java:756)
	at org.eclipse.jetty.servlet.ServletContextHandler.startContext(ServletContextHandler.java:242)
	at org.eclipse.jetty.webapp.WebAppContext.startContext(WebAppContext.java:1221)
	at org.eclipse.jetty.server.handler.ContextHandler.doStart(ContextHandler.java:699)
	at org.eclipse.jetty.webapp.WebAppContext.doStart(WebAppContext.java:454)
	at org.eclipse.jetty.util.component.AbstractLifeCycle.start(AbstractLifeCycle.java:59)
	at org.eclipse.jetty.server.handler.HandlerWrapper.doStart(HandlerWrapper.java:90)
	at org.eclipse.jetty.server.Server.doStart(Server.java:263)
	at org.eclipse.jetty.util.component.AbstractLifeCycle.start(AbstractLifeCycle.java:59)
	at runjettyrun.Bootstrap.main(Bootstrap.java:80)
ERROR 04-20 14:30:22[main] (ApplicationProcessor.java:187) - An exception occurred during processing of the com.care.wink.UserAction class. This class is ignored.
java.lang.NullPointerException
	at com.care.wink.UserAction.<init>(UserAction.java:40)
	at sun.reflect.NativeConstructorAccessorImpl.newInstance0(Native Method)
	at sun.reflect.NativeConstructorAccessorImpl.newInstance(NativeConstructorAccessorImpl.java:57)
	at sun.reflect.DelegatingConstructorAccessorImpl.newInstance(DelegatingConstructorAccessorImpl.java:45)
	at java.lang.reflect.Constructor.newInstance(Constructor.java:526)
	at org.apache.wink.common.internal.lifecycle.CreationUtils.createObject(CreationUtils.java:66)
	at org.apache.wink.common.internal.lifecycle.LifecycleManagerUtils.createSingletonObjectFactory(LifecycleManagerUtils.java:61)
	at org.apache.wink.common.internal.lifecycle.ScopeLifecycleManager.createObjectFactory(ScopeLifecycleManager.java:65)
	at org.apache.wink.common.internal.lifecycle.LifecycleManagersRegistry.getObjectFactory(LifecycleManagersRegistry.java:79)
	at org.apache.wink.server.internal.registry.ResourceRecordFactory.getResourceRecord(ResourceRecordFactory.java:107)
	at org.apache.wink.server.internal.registry.ResourceRegistry.getRecord(ResourceRegistry.java:219)
	at org.apache.wink.server.internal.registry.ResourceRegistry.addResource(ResourceRegistry.java:164)
	at org.apache.wink.server.internal.application.ApplicationProcessor.processClasses(ApplicationProcessor.java:176)
	at org.apache.wink.server.internal.application.ApplicationProcessor.process(ApplicationProcessor.java:86)
	at org.apache.wink.server.internal.DeploymentConfiguration.addApplication(DeploymentConfiguration.java:339)
	at org.apache.wink.server.internal.servlet.RestServlet.createRequestProcessor(RestServlet.java:134)
	at org.apache.wink.server.internal.servlet.RestServlet.init(RestServlet.java:94)
	at javax.servlet.GenericServlet.init(GenericServlet.java:242)
	at org.eclipse.jetty.servlet.ServletHolder.initServlet(ServletHolder.java:492)
	at org.eclipse.jetty.servlet.ServletHolder.doStart(ServletHolder.java:312)
	at org.eclipse.jetty.util.component.AbstractLifeCycle.start(AbstractLifeCycle.java:59)
	at org.eclipse.jetty.servlet.ServletHandler.initialize(ServletHandler.java:777)
	at org.eclipse.jetty.servlet.ServletHandler.updateMappings(ServletHandler.java:1227)
	at org.eclipse.jetty.servlet.ServletHandler.setFilterMappings(ServletHandler.java:1263)
	at org.eclipse.jetty.servlet.ServletHandler.prependFilterMapping(ServletHandler.java:1112)
	at org.eclipse.jetty.servlet.FilterHolder$Registration.addMappingForUrlPatterns(FilterHolder.java:211)
	at org.apache.logging.log4j.core.web.Log4jServletContainerInitializer.onStartup(Log4jServletContainerInitializer.java:52)
	at org.eclipse.jetty.plus.annotation.ContainerInitializer.callStartup(ContainerInitializer.java:100)
	at org.eclipse.jetty.annotations.ServletContainerInitializerListener.contextInitialized(ServletContainerInitializerListener.java:99)
	at org.eclipse.jetty.server.handler.ContextHandler.callContextInitialized(ContextHandler.java:764)
	at org.eclipse.jetty.servlet.ServletContextHandler.callContextInitialized(ServletContextHandler.java:406)
	at org.eclipse.jetty.server.handler.ContextHandler.startContext(ContextHandler.java:756)
	at org.eclipse.jetty.servlet.ServletContextHandler.startContext(ServletContextHandler.java:242)
	at org.eclipse.jetty.webapp.WebAppContext.startContext(WebAppContext.java:1221)
	at org.eclipse.jetty.server.handler.ContextHandler.doStart(ContextHandler.java:699)
	at org.eclipse.jetty.webapp.WebAppContext.doStart(WebAppContext.java:454)
	at org.eclipse.jetty.util.component.AbstractLifeCycle.start(AbstractLifeCycle.java:59)
	at org.eclipse.jetty.server.handler.HandlerWrapper.doStart(HandlerWrapper.java:90)
	at org.eclipse.jetty.server.Server.doStart(Server.java:263)
	at org.eclipse.jetty.util.component.AbstractLifeCycle.start(AbstractLifeCycle.java:59)
	at runjettyrun.Bootstrap.main(Bootstrap.java:80)
ERROR 04-20 14:32:27[main] (ApplicationProcessor.java:187) - An exception occurred during processing of the com.care.wink.UserAction class. This class is ignored.
java.lang.NullPointerException
	at com.care.wink.UserAction.<init>(UserAction.java:40)
	at sun.reflect.NativeConstructorAccessorImpl.newInstance0(Native Method)
	at sun.reflect.NativeConstructorAccessorImpl.newInstance(NativeConstructorAccessorImpl.java:57)
	at sun.reflect.DelegatingConstructorAccessorImpl.newInstance(DelegatingConstructorAccessorImpl.java:45)
	at java.lang.reflect.Constructor.newInstance(Constructor.java:526)
	at org.apache.wink.common.internal.lifecycle.CreationUtils.createObject(CreationUtils.java:66)
	at org.apache.wink.common.internal.lifecycle.LifecycleManagerUtils.createSingletonObjectFactory(LifecycleManagerUtils.java:61)
	at org.apache.wink.common.internal.lifecycle.ScopeLifecycleManager.createObjectFactory(ScopeLifecycleManager.java:65)
	at org.apache.wink.common.internal.lifecycle.LifecycleManagersRegistry.getObjectFactory(LifecycleManagersRegistry.java:79)
	at org.apache.wink.server.internal.registry.ResourceRecordFactory.getResourceRecord(ResourceRecordFactory.java:107)
	at org.apache.wink.server.internal.registry.ResourceRegistry.getRecord(ResourceRegistry.java:219)
	at org.apache.wink.server.internal.registry.ResourceRegistry.addResource(ResourceRegistry.java:164)
	at org.apache.wink.server.internal.application.ApplicationProcessor.processClasses(ApplicationProcessor.java:176)
	at org.apache.wink.server.internal.application.ApplicationProcessor.process(ApplicationProcessor.java:86)
	at org.apache.wink.server.internal.DeploymentConfiguration.addApplication(DeploymentConfiguration.java:339)
	at org.apache.wink.server.internal.servlet.RestServlet.createRequestProcessor(RestServlet.java:134)
	at org.apache.wink.server.internal.servlet.RestServlet.init(RestServlet.java:94)
	at javax.servlet.GenericServlet.init(GenericServlet.java:242)
	at org.eclipse.jetty.servlet.ServletHolder.initServlet(ServletHolder.java:492)
	at org.eclipse.jetty.servlet.ServletHolder.doStart(ServletHolder.java:312)
	at org.eclipse.jetty.util.component.AbstractLifeCycle.start(AbstractLifeCycle.java:59)
	at org.eclipse.jetty.servlet.ServletHandler.initialize(ServletHandler.java:777)
	at org.eclipse.jetty.servlet.ServletHandler.updateMappings(ServletHandler.java:1227)
	at org.eclipse.jetty.servlet.ServletHandler.setFilterMappings(ServletHandler.java:1263)
	at org.eclipse.jetty.servlet.ServletHandler.prependFilterMapping(ServletHandler.java:1112)
	at org.eclipse.jetty.servlet.FilterHolder$Registration.addMappingForUrlPatterns(FilterHolder.java:211)
	at org.apache.logging.log4j.core.web.Log4jServletContainerInitializer.onStartup(Log4jServletContainerInitializer.java:52)
	at org.eclipse.jetty.plus.annotation.ContainerInitializer.callStartup(ContainerInitializer.java:100)
	at org.eclipse.jetty.annotations.ServletContainerInitializerListener.contextInitialized(ServletContainerInitializerListener.java:99)
	at org.eclipse.jetty.server.handler.ContextHandler.callContextInitialized(ContextHandler.java:764)
	at org.eclipse.jetty.servlet.ServletContextHandler.callContextInitialized(ServletContextHandler.java:406)
	at org.eclipse.jetty.server.handler.ContextHandler.startContext(ContextHandler.java:756)
	at org.eclipse.jetty.servlet.ServletContextHandler.startContext(ServletContextHandler.java:242)
	at org.eclipse.jetty.webapp.WebAppContext.startContext(WebAppContext.java:1221)
	at org.eclipse.jetty.server.handler.ContextHandler.doStart(ContextHandler.java:699)
	at org.eclipse.jetty.webapp.WebAppContext.doStart(WebAppContext.java:454)
	at org.eclipse.jetty.util.component.AbstractLifeCycle.start(AbstractLifeCycle.java:59)
	at org.eclipse.jetty.server.handler.HandlerWrapper.doStart(HandlerWrapper.java:90)
	at org.eclipse.jetty.server.Server.doStart(Server.java:263)
	at org.eclipse.jetty.util.component.AbstractLifeCycle.start(AbstractLifeCycle.java:59)
	at runjettyrun.Bootstrap.main(Bootstrap.java:80)
ERROR 04-20 14:33:05[main] (ApplicationProcessor.java:187) - An exception occurred during processing of the com.care.wink.UserAction class. This class is ignored.
java.lang.NullPointerException
	at com.care.wink.UserAction.<init>(UserAction.java:40)
	at sun.reflect.NativeConstructorAccessorImpl.newInstance0(Native Method)
	at sun.reflect.NativeConstructorAccessorImpl.newInstance(NativeConstructorAccessorImpl.java:57)
	at sun.reflect.DelegatingConstructorAccessorImpl.newInstance(DelegatingConstructorAccessorImpl.java:45)
	at java.lang.reflect.Constructor.newInstance(Constructor.java:526)
	at org.apache.wink.common.internal.lifecycle.CreationUtils.createObject(CreationUtils.java:66)
	at org.apache.wink.common.internal.lifecycle.LifecycleManagerUtils.createSingletonObjectFactory(LifecycleManagerUtils.java:61)
	at org.apache.wink.common.internal.lifecycle.ScopeLifecycleManager.createObjectFactory(ScopeLifecycleManager.java:65)
	at org.apache.wink.common.internal.lifecycle.LifecycleManagersRegistry.getObjectFactory(LifecycleManagersRegistry.java:79)
	at org.apache.wink.server.internal.registry.ResourceRecordFactory.getResourceRecord(ResourceRecordFactory.java:107)
	at org.apache.wink.server.internal.registry.ResourceRegistry.getRecord(ResourceRegistry.java:219)
	at org.apache.wink.server.internal.registry.ResourceRegistry.addResource(ResourceRegistry.java:164)
	at org.apache.wink.server.internal.application.ApplicationProcessor.processClasses(ApplicationProcessor.java:176)
	at org.apache.wink.server.internal.application.ApplicationProcessor.process(ApplicationProcessor.java:86)
	at org.apache.wink.server.internal.DeploymentConfiguration.addApplication(DeploymentConfiguration.java:339)
	at org.apache.wink.server.internal.servlet.RestServlet.createRequestProcessor(RestServlet.java:134)
	at org.apache.wink.server.internal.servlet.RestServlet.init(RestServlet.java:94)
	at javax.servlet.GenericServlet.init(GenericServlet.java:242)
	at org.eclipse.jetty.servlet.ServletHolder.initServlet(ServletHolder.java:492)
	at org.eclipse.jetty.servlet.ServletHolder.doStart(ServletHolder.java:312)
	at org.eclipse.jetty.util.component.AbstractLifeCycle.start(AbstractLifeCycle.java:59)
	at org.eclipse.jetty.servlet.ServletHandler.initialize(ServletHandler.java:777)
	at org.eclipse.jetty.servlet.ServletHandler.updateMappings(ServletHandler.java:1227)
	at org.eclipse.jetty.servlet.ServletHandler.setFilterMappings(ServletHandler.java:1263)
	at org.eclipse.jetty.servlet.ServletHandler.prependFilterMapping(ServletHandler.java:1112)
	at org.eclipse.jetty.servlet.FilterHolder$Registration.addMappingForUrlPatterns(FilterHolder.java:211)
	at org.apache.logging.log4j.core.web.Log4jServletContainerInitializer.onStartup(Log4jServletContainerInitializer.java:52)
	at org.eclipse.jetty.plus.annotation.ContainerInitializer.callStartup(ContainerInitializer.java:100)
	at org.eclipse.jetty.annotations.ServletContainerInitializerListener.contextInitialized(ServletContainerInitializerListener.java:99)
	at org.eclipse.jetty.server.handler.ContextHandler.callContextInitialized(ContextHandler.java:764)
	at org.eclipse.jetty.servlet.ServletContextHandler.callContextInitialized(ServletContextHandler.java:406)
	at org.eclipse.jetty.server.handler.ContextHandler.startContext(ContextHandler.java:756)
	at org.eclipse.jetty.servlet.ServletContextHandler.startContext(ServletContextHandler.java:242)
	at org.eclipse.jetty.webapp.WebAppContext.startContext(WebAppContext.java:1221)
	at org.eclipse.jetty.server.handler.ContextHandler.doStart(ContextHandler.java:699)
	at org.eclipse.jetty.webapp.WebAppContext.doStart(WebAppContext.java:454)
	at org.eclipse.jetty.util.component.AbstractLifeCycle.start(AbstractLifeCycle.java:59)
	at org.eclipse.jetty.server.handler.HandlerWrapper.doStart(HandlerWrapper.java:90)
	at org.eclipse.jetty.server.Server.doStart(Server.java:263)
	at org.eclipse.jetty.util.component.AbstractLifeCycle.start(AbstractLifeCycle.java:59)
	at runjettyrun.Bootstrap.main(Bootstrap.java:80)
ERROR 04-20 14:33:40[main] (ApplicationProcessor.java:187) - An exception occurred during processing of the com.care.wink.UserAction class. This class is ignored.
java.lang.NullPointerException
	at com.care.wink.UserAction.<init>(UserAction.java:40)
	at sun.reflect.NativeConstructorAccessorImpl.newInstance0(Native Method)
	at sun.reflect.NativeConstructorAccessorImpl.newInstance(NativeConstructorAccessorImpl.java:57)
	at sun.reflect.DelegatingConstructorAccessorImpl.newInstance(DelegatingConstructorAccessorImpl.java:45)
	at java.lang.reflect.Constructor.newInstance(Constructor.java:526)
	at org.apache.wink.common.internal.lifecycle.CreationUtils.createObject(CreationUtils.java:66)
	at org.apache.wink.common.internal.lifecycle.LifecycleManagerUtils.createSingletonObjectFactory(LifecycleManagerUtils.java:61)
	at org.apache.wink.common.internal.lifecycle.ScopeLifecycleManager.createObjectFactory(ScopeLifecycleManager.java:65)
	at org.apache.wink.common.internal.lifecycle.LifecycleManagersRegistry.getObjectFactory(LifecycleManagersRegistry.java:79)
	at org.apache.wink.server.internal.registry.ResourceRecordFactory.getResourceRecord(ResourceRecordFactory.java:107)
	at org.apache.wink.server.internal.registry.ResourceRegistry.getRecord(ResourceRegistry.java:219)
	at org.apache.wink.server.internal.registry.ResourceRegistry.addResource(ResourceRegistry.java:164)
	at org.apache.wink.server.internal.application.ApplicationProcessor.processClasses(ApplicationProcessor.java:176)
	at org.apache.wink.server.internal.application.ApplicationProcessor.process(ApplicationProcessor.java:86)
	at org.apache.wink.server.internal.DeploymentConfiguration.addApplication(DeploymentConfiguration.java:339)
	at org.apache.wink.server.internal.servlet.RestServlet.createRequestProcessor(RestServlet.java:134)
	at org.apache.wink.server.internal.servlet.RestServlet.init(RestServlet.java:94)
	at javax.servlet.GenericServlet.init(GenericServlet.java:242)
	at org.eclipse.jetty.servlet.ServletHolder.initServlet(ServletHolder.java:492)
	at org.eclipse.jetty.servlet.ServletHolder.doStart(ServletHolder.java:312)
	at org.eclipse.jetty.util.component.AbstractLifeCycle.start(AbstractLifeCycle.java:59)
	at org.eclipse.jetty.servlet.ServletHandler.initialize(ServletHandler.java:777)
	at org.eclipse.jetty.servlet.ServletHandler.updateMappings(ServletHandler.java:1227)
	at org.eclipse.jetty.servlet.ServletHandler.setFilterMappings(ServletHandler.java:1263)
	at org.eclipse.jetty.servlet.ServletHandler.prependFilterMapping(ServletHandler.java:1112)
	at org.eclipse.jetty.servlet.FilterHolder$Registration.addMappingForUrlPatterns(FilterHolder.java:211)
	at org.apache.logging.log4j.core.web.Log4jServletContainerInitializer.onStartup(Log4jServletContainerInitializer.java:52)
	at org.eclipse.jetty.plus.annotation.ContainerInitializer.callStartup(ContainerInitializer.java:100)
	at org.eclipse.jetty.annotations.ServletContainerInitializerListener.contextInitialized(ServletContainerInitializerListener.java:99)
	at org.eclipse.jetty.server.handler.ContextHandler.callContextInitialized(ContextHandler.java:764)
	at org.eclipse.jetty.servlet.ServletContextHandler.callContextInitialized(ServletContextHandler.java:406)
	at org.eclipse.jetty.server.handler.ContextHandler.startContext(ContextHandler.java:756)
	at org.eclipse.jetty.servlet.ServletContextHandler.startContext(ServletContextHandler.java:242)
	at org.eclipse.jetty.webapp.WebAppContext.startContext(WebAppContext.java:1221)
	at org.eclipse.jetty.server.handler.ContextHandler.doStart(ContextHandler.java:699)
	at org.eclipse.jetty.webapp.WebAppContext.doStart(WebAppContext.java:454)
	at org.eclipse.jetty.util.component.AbstractLifeCycle.start(AbstractLifeCycle.java:59)
	at org.eclipse.jetty.server.handler.HandlerWrapper.doStart(HandlerWrapper.java:90)
	at org.eclipse.jetty.server.Server.doStart(Server.java:263)
	at org.eclipse.jetty.util.component.AbstractLifeCycle.start(AbstractLifeCycle.java:59)
	at runjettyrun.Bootstrap.main(Bootstrap.java:80)
ERROR 04-20 14:35:16[main] (ApplicationProcessor.java:187) - An exception occurred during processing of the com.care.wink.UserAction class. This class is ignored.
java.lang.NullPointerException
	at com.care.wink.UserAction.<init>(UserAction.java:40)
	at sun.reflect.NativeConstructorAccessorImpl.newInstance0(Native Method)
	at sun.reflect.NativeConstructorAccessorImpl.newInstance(NativeConstructorAccessorImpl.java:57)
	at sun.reflect.DelegatingConstructorAccessorImpl.newInstance(DelegatingConstructorAccessorImpl.java:45)
	at java.lang.reflect.Constructor.newInstance(Constructor.java:526)
	at org.apache.wink.common.internal.lifecycle.CreationUtils.createObject(CreationUtils.java:66)
	at org.apache.wink.common.internal.lifecycle.LifecycleManagerUtils.createSingletonObjectFactory(LifecycleManagerUtils.java:61)
	at org.apache.wink.common.internal.lifecycle.ScopeLifecycleManager.createObjectFactory(ScopeLifecycleManager.java:65)
	at org.apache.wink.common.internal.lifecycle.LifecycleManagersRegistry.getObjectFactory(LifecycleManagersRegistry.java:79)
	at org.apache.wink.server.internal.registry.ResourceRecordFactory.getResourceRecord(ResourceRecordFactory.java:107)
	at org.apache.wink.server.internal.registry.ResourceRegistry.getRecord(ResourceRegistry.java:219)
	at org.apache.wink.server.internal.registry.ResourceRegistry.addResource(ResourceRegistry.java:164)
	at org.apache.wink.server.internal.application.ApplicationProcessor.processClasses(ApplicationProcessor.java:176)
	at org.apache.wink.server.internal.application.ApplicationProcessor.process(ApplicationProcessor.java:86)
	at org.apache.wink.server.internal.DeploymentConfiguration.addApplication(DeploymentConfiguration.java:339)
	at org.apache.wink.server.internal.servlet.RestServlet.createRequestProcessor(RestServlet.java:134)
	at org.apache.wink.server.internal.servlet.RestServlet.init(RestServlet.java:94)
	at javax.servlet.GenericServlet.init(GenericServlet.java:242)
	at org.eclipse.jetty.servlet.ServletHolder.initServlet(ServletHolder.java:492)
	at org.eclipse.jetty.servlet.ServletHolder.doStart(ServletHolder.java:312)
	at org.eclipse.jetty.util.component.AbstractLifeCycle.start(AbstractLifeCycle.java:59)
	at org.eclipse.jetty.servlet.ServletHandler.initialize(ServletHandler.java:777)
	at org.eclipse.jetty.servlet.ServletHandler.updateMappings(ServletHandler.java:1227)
	at org.eclipse.jetty.servlet.ServletHandler.setFilterMappings(ServletHandler.java:1263)
	at org.eclipse.jetty.servlet.ServletHandler.prependFilterMapping(ServletHandler.java:1112)
	at org.eclipse.jetty.servlet.FilterHolder$Registration.addMappingForUrlPatterns(FilterHolder.java:211)
	at org.apache.logging.log4j.core.web.Log4jServletContainerInitializer.onStartup(Log4jServletContainerInitializer.java:52)
	at org.eclipse.jetty.plus.annotation.ContainerInitializer.callStartup(ContainerInitializer.java:100)
	at org.eclipse.jetty.annotations.ServletContainerInitializerListener.contextInitialized(ServletContainerInitializerListener.java:99)
	at org.eclipse.jetty.server.handler.ContextHandler.callContextInitialized(ContextHandler.java:764)
	at org.eclipse.jetty.servlet.ServletContextHandler.callContextInitialized(ServletContextHandler.java:406)
	at org.eclipse.jetty.server.handler.ContextHandler.startContext(ContextHandler.java:756)
	at org.eclipse.jetty.servlet.ServletContextHandler.startContext(ServletContextHandler.java:242)
	at org.eclipse.jetty.webapp.WebAppContext.startContext(WebAppContext.java:1221)
	at org.eclipse.jetty.server.handler.ContextHandler.doStart(ContextHandler.java:699)
	at org.eclipse.jetty.webapp.WebAppContext.doStart(WebAppContext.java:454)
	at org.eclipse.jetty.util.component.AbstractLifeCycle.start(AbstractLifeCycle.java:59)
	at org.eclipse.jetty.server.handler.HandlerWrapper.doStart(HandlerWrapper.java:90)
	at org.eclipse.jetty.server.Server.doStart(Server.java:263)
	at org.eclipse.jetty.util.component.AbstractLifeCycle.start(AbstractLifeCycle.java:59)
	at runjettyrun.Bootstrap.main(Bootstrap.java:80)
ERROR 04-20 14:37:01[main] (ApplicationProcessor.java:187) - An exception occurred during processing of the com.care.wink.UserAction class. This class is ignored.
java.lang.NullPointerException
	at com.care.wink.UserAction.<init>(UserAction.java:40)
	at sun.reflect.NativeConstructorAccessorImpl.newInstance0(Native Method)
	at sun.reflect.NativeConstructorAccessorImpl.newInstance(NativeConstructorAccessorImpl.java:57)
	at sun.reflect.DelegatingConstructorAccessorImpl.newInstance(DelegatingConstructorAccessorImpl.java:45)
	at java.lang.reflect.Constructor.newInstance(Constructor.java:526)
	at org.apache.wink.common.internal.lifecycle.CreationUtils.createObject(CreationUtils.java:66)
	at org.apache.wink.common.internal.lifecycle.LifecycleManagerUtils.createSingletonObjectFactory(LifecycleManagerUtils.java:61)
	at org.apache.wink.common.internal.lifecycle.ScopeLifecycleManager.createObjectFactory(ScopeLifecycleManager.java:65)
	at org.apache.wink.common.internal.lifecycle.LifecycleManagersRegistry.getObjectFactory(LifecycleManagersRegistry.java:79)
	at org.apache.wink.server.internal.registry.ResourceRecordFactory.getResourceRecord(ResourceRecordFactory.java:107)
	at org.apache.wink.server.internal.registry.ResourceRegistry.getRecord(ResourceRegistry.java:219)
	at org.apache.wink.server.internal.registry.ResourceRegistry.addResource(ResourceRegistry.java:164)
	at org.apache.wink.server.internal.application.ApplicationProcessor.processClasses(ApplicationProcessor.java:176)
	at org.apache.wink.server.internal.application.ApplicationProcessor.process(ApplicationProcessor.java:86)
	at org.apache.wink.server.internal.DeploymentConfiguration.addApplication(DeploymentConfiguration.java:339)
	at org.apache.wink.server.internal.servlet.RestServlet.createRequestProcessor(RestServlet.java:134)
	at org.apache.wink.server.internal.servlet.RestServlet.init(RestServlet.java:94)
	at javax.servlet.GenericServlet.init(GenericServlet.java:242)
	at org.eclipse.jetty.servlet.ServletHolder.initServlet(ServletHolder.java:492)
	at org.eclipse.jetty.servlet.ServletHolder.doStart(ServletHolder.java:312)
	at org.eclipse.jetty.util.component.AbstractLifeCycle.start(AbstractLifeCycle.java:59)
	at org.eclipse.jetty.servlet.ServletHandler.initialize(ServletHandler.java:777)
	at org.eclipse.jetty.servlet.ServletHandler.updateMappings(ServletHandler.java:1227)
	at org.eclipse.jetty.servlet.ServletHandler.setFilterMappings(ServletHandler.java:1263)
	at org.eclipse.jetty.servlet.ServletHandler.prependFilterMapping(ServletHandler.java:1112)
	at org.eclipse.jetty.servlet.FilterHolder$Registration.addMappingForUrlPatterns(FilterHolder.java:211)
	at org.apache.logging.log4j.core.web.Log4jServletContainerInitializer.onStartup(Log4jServletContainerInitializer.java:52)
	at org.eclipse.jetty.plus.annotation.ContainerInitializer.callStartup(ContainerInitializer.java:100)
	at org.eclipse.jetty.annotations.ServletContainerInitializerListener.contextInitialized(ServletContainerInitializerListener.java:99)
	at org.eclipse.jetty.server.handler.ContextHandler.callContextInitialized(ContextHandler.java:764)
	at org.eclipse.jetty.servlet.ServletContextHandler.callContextInitialized(ServletContextHandler.java:406)
	at org.eclipse.jetty.server.handler.ContextHandler.startContext(ContextHandler.java:756)
	at org.eclipse.jetty.servlet.ServletContextHandler.startContext(ServletContextHandler.java:242)
	at org.eclipse.jetty.webapp.WebAppContext.startContext(WebAppContext.java:1221)
	at org.eclipse.jetty.server.handler.ContextHandler.doStart(ContextHandler.java:699)
	at org.eclipse.jetty.webapp.WebAppContext.doStart(WebAppContext.java:454)
	at org.eclipse.jetty.util.component.AbstractLifeCycle.start(AbstractLifeCycle.java:59)
	at org.eclipse.jetty.server.handler.HandlerWrapper.doStart(HandlerWrapper.java:90)
	at org.eclipse.jetty.server.Server.doStart(Server.java:263)
	at org.eclipse.jetty.util.component.AbstractLifeCycle.start(AbstractLifeCycle.java:59)
	at runjettyrun.Bootstrap.main(Bootstrap.java:80)
ERROR 04-20 14:38:04[main] (Bootstarp.java:53) - 
org.springframework.beans.factory.BeanDefinitionStoreException: IOException parsing XML document from URL [file:null/spring.xml]; nested exception is java.io.FileNotFoundException: null/spring.xml (No such file or directory)
	at org.springframework.beans.factory.xml.XmlBeanDefinitionReader.loadBeanDefinitions(XmlBeanDefinitionReader.java:341)
	at org.springframework.beans.factory.xml.XmlBeanDefinitionReader.loadBeanDefinitions(XmlBeanDefinitionReader.java:302)
	at org.springframework.beans.factory.support.AbstractBeanDefinitionReader.loadBeanDefinitions(AbstractBeanDefinitionReader.java:174)
	at org.springframework.beans.factory.support.AbstractBeanDefinitionReader.loadBeanDefinitions(AbstractBeanDefinitionReader.java:209)
	at org.springframework.beans.factory.support.AbstractBeanDefinitionReader.loadBeanDefinitions(AbstractBeanDefinitionReader.java:180)
	at org.springframework.beans.factory.support.AbstractBeanDefinitionReader.loadBeanDefinitions(AbstractBeanDefinitionReader.java:243)
	at org.springframework.context.support.AbstractXmlApplicationContext.loadBeanDefinitions(AbstractXmlApplicationContext.java:127)
	at org.springframework.context.support.AbstractXmlApplicationContext.loadBeanDefinitions(AbstractXmlApplicationContext.java:93)
	at org.springframework.context.support.AbstractRefreshableApplicationContext.refreshBeanFactory(AbstractRefreshableApplicationContext.java:130)
	at org.springframework.context.support.AbstractApplicationContext.obtainFreshBeanFactory(AbstractApplicationContext.java:537)
	at org.springframework.context.support.AbstractApplicationContext.refresh(AbstractApplicationContext.java:451)
	at org.springframework.context.support.FileSystemXmlApplicationContext.<init>(FileSystemXmlApplicationContext.java:140)
	at org.springframework.context.support.FileSystemXmlApplicationContext.<init>(FileSystemXmlApplicationContext.java:84)
	at com.care.listener.Bootstarp.contextInitialized(Bootstarp.java:50)
	at org.eclipse.jetty.server.handler.ContextHandler.callContextInitialized(ContextHandler.java:764)
	at org.eclipse.jetty.servlet.ServletContextHandler.callContextInitialized(ServletContextHandler.java:406)
	at org.eclipse.jetty.server.handler.ContextHandler.startContext(ContextHandler.java:756)
	at org.eclipse.jetty.servlet.ServletContextHandler.startContext(ServletContextHandler.java:242)
	at org.eclipse.jetty.webapp.WebAppContext.startContext(WebAppContext.java:1221)
	at org.eclipse.jetty.server.handler.ContextHandler.doStart(ContextHandler.java:699)
	at org.eclipse.jetty.webapp.WebAppContext.doStart(WebAppContext.java:454)
	at org.eclipse.jetty.util.component.AbstractLifeCycle.start(AbstractLifeCycle.java:59)
	at org.eclipse.jetty.server.handler.HandlerWrapper.doStart(HandlerWrapper.java:90)
	at org.eclipse.jetty.server.Server.doStart(Server.java:263)
	at org.eclipse.jetty.util.component.AbstractLifeCycle.start(AbstractLifeCycle.java:59)
	at runjettyrun.Bootstrap.main(Bootstrap.java:80)
Caused by: java.io.FileNotFoundException: null/spring.xml (No such file or directory)
	at java.io.FileInputStream.open(Native Method)
	at java.io.FileInputStream.<init>(FileInputStream.java:146)
	at java.io.FileInputStream.<init>(FileInputStream.java:101)
	at sun.net.www.protocol.file.FileURLConnection.connect(FileURLConnection.java:90)
	at sun.net.www.protocol.file.FileURLConnection.getInputStream(FileURLConnection.java:188)
	at org.springframework.core.io.UrlResource.getInputStream(UrlResource.java:167)
	at org.springframework.beans.factory.xml.XmlBeanDefinitionReader.loadBeanDefinitions(XmlBeanDefinitionReader.java:328)
	... 25 more
ERROR 04-20 14:38:06[main] (Bootstarp.java:53) - 
org.springframework.beans.factory.BeanDefinitionStoreException: IOException parsing XML document from URL [file:null/spring.xml]; nested exception is java.io.FileNotFoundException: null/spring.xml (No such file or directory)
	at org.springframework.beans.factory.xml.XmlBeanDefinitionReader.loadBeanDefinitions(XmlBeanDefinitionReader.java:341)
	at org.springframework.beans.factory.xml.XmlBeanDefinitionReader.loadBeanDefinitions(XmlBeanDefinitionReader.java:302)
	at org.springframework.beans.factory.support.AbstractBeanDefinitionReader.loadBeanDefinitions(AbstractBeanDefinitionReader.java:174)
	at org.springframework.beans.factory.support.AbstractBeanDefinitionReader.loadBeanDefinitions(AbstractBeanDefinitionReader.java:209)
	at org.springframework.beans.factory.support.AbstractBeanDefinitionReader.loadBeanDefinitions(AbstractBeanDefinitionReader.java:180)
	at org.springframework.beans.factory.support.AbstractBeanDefinitionReader.loadBeanDefinitions(AbstractBeanDefinitionReader.java:243)
	at org.springframework.context.support.AbstractXmlApplicationContext.loadBeanDefinitions(AbstractXmlApplicationContext.java:127)
	at org.springframework.context.support.AbstractXmlApplicationContext.loadBeanDefinitions(AbstractXmlApplicationContext.java:93)
	at org.springframework.context.support.AbstractRefreshableApplicationContext.refreshBeanFactory(AbstractRefreshableApplicationContext.java:130)
	at org.springframework.context.support.AbstractApplicationContext.obtainFreshBeanFactory(AbstractApplicationContext.java:537)
	at org.springframework.context.support.AbstractApplicationContext.refresh(AbstractApplicationContext.java:451)
	at org.springframework.context.support.FileSystemXmlApplicationContext.<init>(FileSystemXmlApplicationContext.java:140)
	at org.springframework.context.support.FileSystemXmlApplicationContext.<init>(FileSystemXmlApplicationContext.java:84)
	at com.care.listener.Bootstarp.contextInitialized(Bootstarp.java:50)
	at org.eclipse.jetty.server.handler.ContextHandler.callContextInitialized(ContextHandler.java:764)
	at org.eclipse.jetty.servlet.ServletContextHandler.callContextInitialized(ServletContextHandler.java:406)
	at org.eclipse.jetty.server.handler.ContextHandler.startContext(ContextHandler.java:756)
	at org.eclipse.jetty.servlet.ServletContextHandler.startContext(ServletContextHandler.java:242)
	at org.eclipse.jetty.webapp.WebAppContext.startContext(WebAppContext.java:1221)
	at org.eclipse.jetty.server.handler.ContextHandler.doStart(ContextHandler.java:699)
	at org.eclipse.jetty.webapp.WebAppContext.doStart(WebAppContext.java:454)
	at org.eclipse.jetty.util.component.AbstractLifeCycle.start(AbstractLifeCycle.java:59)
	at org.eclipse.jetty.server.handler.HandlerWrapper.doStart(HandlerWrapper.java:90)
	at org.eclipse.jetty.server.Server.doStart(Server.java:263)
	at org.eclipse.jetty.util.component.AbstractLifeCycle.start(AbstractLifeCycle.java:59)
	at runjettyrun.Bootstrap.main(Bootstrap.java:80)
Caused by: java.io.FileNotFoundException: null/spring.xml (No such file or directory)
	at java.io.FileInputStream.open(Native Method)
	at java.io.FileInputStream.<init>(FileInputStream.java:146)
	at java.io.FileInputStream.<init>(FileInputStream.java:101)
	at sun.net.www.protocol.file.FileURLConnection.connect(FileURLConnection.java:90)
	at sun.net.www.protocol.file.FileURLConnection.getInputStream(FileURLConnection.java:188)
	at org.springframework.core.io.UrlResource.getInputStream(UrlResource.java:167)
	at org.springframework.beans.factory.xml.XmlBeanDefinitionReader.loadBeanDefinitions(XmlBeanDefinitionReader.java:328)
	... 25 more
ERROR 04-20 14:38:55[main] (ApplicationProcessor.java:187) - An exception occurred during processing of the com.care.wink.UserAction class. This class is ignored.
java.lang.NullPointerException
	at com.care.wink.UserAction.<init>(UserAction.java:40)
	at sun.reflect.NativeConstructorAccessorImpl.newInstance0(Native Method)
	at sun.reflect.NativeConstructorAccessorImpl.newInstance(NativeConstructorAccessorImpl.java:57)
	at sun.reflect.DelegatingConstructorAccessorImpl.newInstance(DelegatingConstructorAccessorImpl.java:45)
	at java.lang.reflect.Constructor.newInstance(Constructor.java:526)
	at org.apache.wink.common.internal.lifecycle.CreationUtils.createObject(CreationUtils.java:66)
	at org.apache.wink.common.internal.lifecycle.LifecycleManagerUtils.createSingletonObjectFactory(LifecycleManagerUtils.java:61)
	at org.apache.wink.common.internal.lifecycle.ScopeLifecycleManager.createObjectFactory(ScopeLifecycleManager.java:65)
	at org.apache.wink.common.internal.lifecycle.LifecycleManagersRegistry.getObjectFactory(LifecycleManagersRegistry.java:79)
	at org.apache.wink.server.internal.registry.ResourceRecordFactory.getResourceRecord(ResourceRecordFactory.java:107)
	at org.apache.wink.server.internal.registry.ResourceRegistry.getRecord(ResourceRegistry.java:219)
	at org.apache.wink.server.internal.registry.ResourceRegistry.addResource(ResourceRegistry.java:164)
	at org.apache.wink.server.internal.application.ApplicationProcessor.processClasses(ApplicationProcessor.java:176)
	at org.apache.wink.server.internal.application.ApplicationProcessor.process(ApplicationProcessor.java:86)
	at org.apache.wink.server.internal.DeploymentConfiguration.addApplication(DeploymentConfiguration.java:339)
	at org.apache.wink.server.internal.servlet.RestServlet.createRequestProcessor(RestServlet.java:134)
	at org.apache.wink.server.internal.servlet.RestServlet.init(RestServlet.java:94)
	at javax.servlet.GenericServlet.init(GenericServlet.java:242)
	at org.eclipse.jetty.servlet.ServletHolder.initServlet(ServletHolder.java:492)
	at org.eclipse.jetty.servlet.ServletHolder.doStart(ServletHolder.java:312)
	at org.eclipse.jetty.util.component.AbstractLifeCycle.start(AbstractLifeCycle.java:59)
	at org.eclipse.jetty.servlet.ServletHandler.initialize(ServletHandler.java:777)
	at org.eclipse.jetty.servlet.ServletHandler.updateMappings(ServletHandler.java:1227)
	at org.eclipse.jetty.servlet.ServletHandler.setFilterMappings(ServletHandler.java:1263)
	at org.eclipse.jetty.servlet.ServletHandler.prependFilterMapping(ServletHandler.java:1112)
	at org.eclipse.jetty.servlet.FilterHolder$Registration.addMappingForUrlPatterns(FilterHolder.java:211)
	at org.apache.logging.log4j.core.web.Log4jServletContainerInitializer.onStartup(Log4jServletContainerInitializer.java:52)
	at org.eclipse.jetty.plus.annotation.ContainerInitializer.callStartup(ContainerInitializer.java:100)
	at org.eclipse.jetty.annotations.ServletContainerInitializerListener.contextInitialized(ServletContainerInitializerListener.java:99)
	at org.eclipse.jetty.server.handler.ContextHandler.callContextInitialized(ContextHandler.java:764)
	at org.eclipse.jetty.servlet.ServletContextHandler.callContextInitialized(ServletContextHandler.java:406)
	at org.eclipse.jetty.server.handler.ContextHandler.startContext(ContextHandler.java:756)
	at org.eclipse.jetty.servlet.ServletContextHandler.startContext(ServletContextHandler.java:242)
	at org.eclipse.jetty.webapp.WebAppContext.startContext(WebAppContext.java:1221)
	at org.eclipse.jetty.server.handler.ContextHandler.doStart(ContextHandler.java:699)
	at org.eclipse.jetty.webapp.WebAppContext.doStart(WebAppContext.java:454)
	at org.eclipse.jetty.util.component.AbstractLifeCycle.start(AbstractLifeCycle.java:59)
	at org.eclipse.jetty.server.handler.HandlerWrapper.doStart(HandlerWrapper.java:90)
	at org.eclipse.jetty.server.Server.doStart(Server.java:263)
	at org.eclipse.jetty.util.component.AbstractLifeCycle.start(AbstractLifeCycle.java:59)
	at runjettyrun.Bootstrap.main(Bootstrap.java:80)
ERROR 04-20 14:51:58[main] (Bootstarp.java:53) - 
org.springframework.beans.factory.BeanDefinitionStoreException: IOException parsing XML document from URL [file:null/spring.xml]; nested exception is java.io.FileNotFoundException: null/spring.xml (No such file or directory)
	at org.springframework.beans.factory.xml.XmlBeanDefinitionReader.loadBeanDefinitions(XmlBeanDefinitionReader.java:341)
	at org.springframework.beans.factory.xml.XmlBeanDefinitionReader.loadBeanDefinitions(XmlBeanDefinitionReader.java:302)
	at org.springframework.beans.factory.support.AbstractBeanDefinitionReader.loadBeanDefinitions(AbstractBeanDefinitionReader.java:174)
	at org.springframework.beans.factory.support.AbstractBeanDefinitionReader.loadBeanDefinitions(AbstractBeanDefinitionReader.java:209)
	at org.springframework.beans.factory.support.AbstractBeanDefinitionReader.loadBeanDefinitions(AbstractBeanDefinitionReader.java:180)
	at org.springframework.beans.factory.support.AbstractBeanDefinitionReader.loadBeanDefinitions(AbstractBeanDefinitionReader.java:243)
	at org.springframework.context.support.AbstractXmlApplicationContext.loadBeanDefinitions(AbstractXmlApplicationContext.java:127)
	at org.springframework.context.support.AbstractXmlApplicationContext.loadBeanDefinitions(AbstractXmlApplicationContext.java:93)
	at org.springframework.context.support.AbstractRefreshableApplicationContext.refreshBeanFactory(AbstractRefreshableApplicationContext.java:130)
	at org.springframework.context.support.AbstractApplicationContext.obtainFreshBeanFactory(AbstractApplicationContext.java:537)
	at org.springframework.context.support.AbstractApplicationContext.refresh(AbstractApplicationContext.java:451)
	at org.springframework.context.support.FileSystemXmlApplicationContext.<init>(FileSystemXmlApplicationContext.java:140)
	at org.springframework.context.support.FileSystemXmlApplicationContext.<init>(FileSystemXmlApplicationContext.java:84)
	at com.care.listener.Bootstarp.contextInitialized(Bootstarp.java:50)
	at org.eclipse.jetty.server.handler.ContextHandler.callContextInitialized(ContextHandler.java:764)
	at org.eclipse.jetty.servlet.ServletContextHandler.callContextInitialized(ServletContextHandler.java:406)
	at org.eclipse.jetty.server.handler.ContextHandler.startContext(ContextHandler.java:756)
	at org.eclipse.jetty.servlet.ServletContextHandler.startContext(ServletContextHandler.java:242)
	at org.eclipse.jetty.webapp.WebAppContext.startContext(WebAppContext.java:1221)
	at org.eclipse.jetty.server.handler.ContextHandler.doStart(ContextHandler.java:699)
	at org.eclipse.jetty.webapp.WebAppContext.doStart(WebAppContext.java:454)
	at org.eclipse.jetty.util.component.AbstractLifeCycle.start(AbstractLifeCycle.java:59)
	at org.eclipse.jetty.server.handler.HandlerWrapper.doStart(HandlerWrapper.java:90)
	at org.eclipse.jetty.server.Server.doStart(Server.java:263)
	at org.eclipse.jetty.util.component.AbstractLifeCycle.start(AbstractLifeCycle.java:59)
	at runjettyrun.Bootstrap.main(Bootstrap.java:80)
Caused by: java.io.FileNotFoundException: null/spring.xml (No such file or directory)
	at java.io.FileInputStream.open(Native Method)
	at java.io.FileInputStream.<init>(FileInputStream.java:146)
	at java.io.FileInputStream.<init>(FileInputStream.java:101)
	at sun.net.www.protocol.file.FileURLConnection.connect(FileURLConnection.java:90)
	at sun.net.www.protocol.file.FileURLConnection.getInputStream(FileURLConnection.java:188)
	at org.springframework.core.io.UrlResource.getInputStream(UrlResource.java:167)
	at org.springframework.beans.factory.xml.XmlBeanDefinitionReader.loadBeanDefinitions(XmlBeanDefinitionReader.java:328)
	... 25 more
ERROR 04-20 14:52:01[main] (Bootstarp.java:53) - 
org.springframework.beans.factory.BeanDefinitionStoreException: IOException parsing XML document from URL [file:null/spring.xml]; nested exception is java.io.FileNotFoundException: null/spring.xml (No such file or directory)
	at org.springframework.beans.factory.xml.XmlBeanDefinitionReader.loadBeanDefinitions(XmlBeanDefinitionReader.java:341)
	at org.springframework.beans.factory.xml.XmlBeanDefinitionReader.loadBeanDefinitions(XmlBeanDefinitionReader.java:302)
	at org.springframework.beans.factory.support.AbstractBeanDefinitionReader.loadBeanDefinitions(AbstractBeanDefinitionReader.java:174)
	at org.springframework.beans.factory.support.AbstractBeanDefinitionReader.loadBeanDefinitions(AbstractBeanDefinitionReader.java:209)
	at org.springframework.beans.factory.support.AbstractBeanDefinitionReader.loadBeanDefinitions(AbstractBeanDefinitionReader.java:180)
	at org.springframework.beans.factory.support.AbstractBeanDefinitionReader.loadBeanDefinitions(AbstractBeanDefinitionReader.java:243)
	at org.springframework.context.support.AbstractXmlApplicationContext.loadBeanDefinitions(AbstractXmlApplicationContext.java:127)
	at org.springframework.context.support.AbstractXmlApplicationContext.loadBeanDefinitions(AbstractXmlApplicationContext.java:93)
	at org.springframework.context.support.AbstractRefreshableApplicationContext.refreshBeanFactory(AbstractRefreshableApplicationContext.java:130)
	at org.springframework.context.support.AbstractApplicationContext.obtainFreshBeanFactory(AbstractApplicationContext.java:537)
	at org.springframework.context.support.AbstractApplicationContext.refresh(AbstractApplicationContext.java:451)
	at org.springframework.context.support.FileSystemXmlApplicationContext.<init>(FileSystemXmlApplicationContext.java:140)
	at org.springframework.context.support.FileSystemXmlApplicationContext.<init>(FileSystemXmlApplicationContext.java:84)
	at com.care.listener.Bootstarp.contextInitialized(Bootstarp.java:50)
	at org.eclipse.jetty.server.handler.ContextHandler.callContextInitialized(ContextHandler.java:764)
	at org.eclipse.jetty.servlet.ServletContextHandler.callContextInitialized(ServletContextHandler.java:406)
	at org.eclipse.jetty.server.handler.ContextHandler.startContext(ContextHandler.java:756)
	at org.eclipse.jetty.servlet.ServletContextHandler.startContext(ServletContextHandler.java:242)
	at org.eclipse.jetty.webapp.WebAppContext.startContext(WebAppContext.java:1221)
	at org.eclipse.jetty.server.handler.ContextHandler.doStart(ContextHandler.java:699)
	at org.eclipse.jetty.webapp.WebAppContext.doStart(WebAppContext.java:454)
	at org.eclipse.jetty.util.component.AbstractLifeCycle.start(AbstractLifeCycle.java:59)
	at org.eclipse.jetty.server.handler.HandlerWrapper.doStart(HandlerWrapper.java:90)
	at org.eclipse.jetty.server.Server.doStart(Server.java:263)
	at org.eclipse.jetty.util.component.AbstractLifeCycle.start(AbstractLifeCycle.java:59)
	at runjettyrun.Bootstrap.main(Bootstrap.java:80)
Caused by: java.io.FileNotFoundException: null/spring.xml (No such file or directory)
	at java.io.FileInputStream.open(Native Method)
	at java.io.FileInputStream.<init>(FileInputStream.java:146)
	at java.io.FileInputStream.<init>(FileInputStream.java:101)
	at sun.net.www.protocol.file.FileURLConnection.connect(FileURLConnection.java:90)
	at sun.net.www.protocol.file.FileURLConnection.getInputStream(FileURLConnection.java:188)
	at org.springframework.core.io.UrlResource.getInputStream(UrlResource.java:167)
	at org.springframework.beans.factory.xml.XmlBeanDefinitionReader.loadBeanDefinitions(XmlBeanDefinitionReader.java:328)
	... 25 more
ERROR 04-20 15:00:15[main] (VendorDatabaseIdProvider.java:51) - Could not get a databaseId from dataSource
java.sql.SQLException: Unsupported character encoding 'utf8
			'.
	at com.mysql.jdbc.SQLError.createSQLException(SQLError.java:1078)
	at com.mysql.jdbc.SQLError.createSQLException(SQLError.java:989)
	at com.mysql.jdbc.SQLError.createSQLException(SQLError.java:975)
	at com.mysql.jdbc.SQLError.createSQLException(SQLError.java:920)
	at com.mysql.jdbc.StringUtils.getBytes(StringUtils.java:574)
	at com.mysql.jdbc.StringUtils.getBytes(StringUtils.java:719)
	at com.mysql.jdbc.Buffer.writeStringNoNull(Buffer.java:704)
	at com.mysql.jdbc.MysqlIO.sqlQueryDirect(MysqlIO.java:2675)
	at com.mysql.jdbc.ConnectionImpl.execSQL(ConnectionImpl.java:2812)
	at com.mysql.jdbc.ConnectionImpl.execSQL(ConnectionImpl.java:2761)
	at com.mysql.jdbc.StatementImpl.executeQuery(StatementImpl.java:1612)
	at com.mysql.jdbc.ConnectionImpl.loadServerVariables(ConnectionImpl.java:4182)
	at com.mysql.jdbc.ConnectionImpl.initializePropsFromServer(ConnectionImpl.java:3585)
	at com.mysql.jdbc.ConnectionImpl.connectOneTryOnly(ConnectionImpl.java:2534)
	at com.mysql.jdbc.ConnectionImpl.createNewIO(ConnectionImpl.java:2304)
	at com.mysql.jdbc.ConnectionImpl.<init>(ConnectionImpl.java:834)
	at com.mysql.jdbc.JDBC4Connection.<init>(JDBC4Connection.java:47)
	at sun.reflect.NativeConstructorAccessorImpl.newInstance0(Native Method)
	at sun.reflect.NativeConstructorAccessorImpl.newInstance(NativeConstructorAccessorImpl.java:57)
	at sun.reflect.DelegatingConstructorAccessorImpl.newInstance(DelegatingConstructorAccessorImpl.java:45)
	at java.lang.reflect.Constructor.newInstance(Constructor.java:526)
	at com.mysql.jdbc.Util.handleNewInstance(Util.java:411)
	at com.mysql.jdbc.ConnectionImpl.getInstance(ConnectionImpl.java:416)
	at com.mysql.jdbc.NonRegisteringDriver.connect(NonRegisteringDriver.java:346)
	at java.sql.DriverManager.getConnection(DriverManager.java:571)
	at java.sql.DriverManager.getConnection(DriverManager.java:187)
	at org.logicalcobwebs.proxool.DefaultConnectionBuilder.buildConnection(DefaultConnectionBuilder.java:39)
	at org.logicalcobwebs.proxool.Prototyper.buildConnection(Prototyper.java:159)
	at org.logicalcobwebs.proxool.ConnectionPool.getConnection(ConnectionPool.java:211)
	at org.logicalcobwebs.proxool.ProxoolDataSource.getConnection(ProxoolDataSource.java:97)
	at org.apache.ibatis.mapping.VendorDatabaseIdProvider.getDatabaseProductName(VendorDatabaseIdProvider.java:76)
	at org.apache.ibatis.mapping.VendorDatabaseIdProvider.getDatabaseName(VendorDatabaseIdProvider.java:61)
	at org.apache.ibatis.mapping.VendorDatabaseIdProvider.getDatabaseId(VendorDatabaseIdProvider.java:49)
	at org.mybatis.spring.SqlSessionFactoryBean.buildSqlSessionFactory(SqlSessionFactoryBean.java:445)
	at org.mybatis.spring.SqlSessionFactoryBean.afterPropertiesSet(SqlSessionFactoryBean.java:336)
	at org.springframework.beans.factory.support.AbstractAutowireCapableBeanFactory.invokeInitMethods(AbstractAutowireCapableBeanFactory.java:1541)
	at org.springframework.beans.factory.support.AbstractAutowireCapableBeanFactory.initializeBean(AbstractAutowireCapableBeanFactory.java:1479)
	at org.springframework.beans.factory.support.AbstractAutowireCapableBeanFactory.doCreateBean(AbstractAutowireCapableBeanFactory.java:521)
	at org.springframework.beans.factory.support.AbstractAutowireCapableBeanFactory.createBean(AbstractAutowireCapableBeanFactory.java:458)
	at org.springframework.beans.factory.support.AbstractBeanFactory$1.getObject(AbstractBeanFactory.java:295)
	at org.springframework.beans.factory.support.DefaultSingletonBeanRegistry.getSingleton(DefaultSingletonBeanRegistry.java:223)
	at org.springframework.beans.factory.support.AbstractBeanFactory.doGetBean(AbstractBeanFactory.java:292)
	at org.springframework.beans.factory.support.AbstractBeanFactory.getBean(AbstractBeanFactory.java:194)
	at org.springframework.beans.factory.support.DefaultListableBeanFactory.preInstantiateSingletons(DefaultListableBeanFactory.java:610)
	at org.springframework.context.support.AbstractApplicationContext.finishBeanFactoryInitialization(AbstractApplicationContext.java:932)
	at org.springframework.context.support.AbstractApplicationContext.refresh(AbstractApplicationContext.java:479)
	at org.springframework.context.support.FileSystemXmlApplicationContext.<init>(FileSystemXmlApplicationContext.java:140)
	at org.springframework.context.support.FileSystemXmlApplicationContext.<init>(FileSystemXmlApplicationContext.java:84)
	at com.care.listener.Bootstarp.contextInitialized(Bootstarp.java:50)
	at org.eclipse.jetty.server.handler.ContextHandler.callContextInitialized(ContextHandler.java:764)
	at org.eclipse.jetty.servlet.ServletContextHandler.callContextInitialized(ServletContextHandler.java:406)
	at org.eclipse.jetty.server.handler.ContextHandler.startContext(ContextHandler.java:756)
	at org.eclipse.jetty.servlet.ServletContextHandler.startContext(ServletContextHandler.java:242)
	at org.eclipse.jetty.webapp.WebAppContext.startContext(WebAppContext.java:1221)
	at org.eclipse.jetty.server.handler.ContextHandler.doStart(ContextHandler.java:699)
	at org.eclipse.jetty.webapp.WebAppContext.doStart(WebAppContext.java:454)
	at org.eclipse.jetty.util.component.AbstractLifeCycle.start(AbstractLifeCycle.java:59)
	at org.eclipse.jetty.server.handler.HandlerWrapper.doStart(HandlerWrapper.java:90)
	at org.eclipse.jetty.server.Server.doStart(Server.java:263)
	at org.eclipse.jetty.util.component.AbstractLifeCycle.start(AbstractLifeCycle.java:59)
	at runjettyrun.Bootstrap.main(Bootstrap.java:80)
ERROR 04-20 15:00:15[Prototyper] (Prototyper.java:105) - Prototype
java.sql.SQLException: Unsupported character encoding 'utf8
			'.
	at com.mysql.jdbc.SQLError.createSQLException(SQLError.java:1078)
	at com.mysql.jdbc.SQLError.createSQLException(SQLError.java:989)
	at com.mysql.jdbc.SQLError.createSQLException(SQLError.java:975)
	at com.mysql.jdbc.SQLError.createSQLException(SQLError.java:920)
	at com.mysql.jdbc.StringUtils.getBytes(StringUtils.java:574)
	at com.mysql.jdbc.StringUtils.getBytes(StringUtils.java:719)
	at com.mysql.jdbc.Buffer.writeStringNoNull(Buffer.java:704)
	at com.mysql.jdbc.MysqlIO.sqlQueryDirect(MysqlIO.java:2675)
	at com.mysql.jdbc.ConnectionImpl.execSQL(ConnectionImpl.java:2812)
	at com.mysql.jdbc.ConnectionImpl.execSQL(ConnectionImpl.java:2761)
	at com.mysql.jdbc.StatementImpl.executeQuery(StatementImpl.java:1612)
	at com.mysql.jdbc.ConnectionImpl.loadServerVariables(ConnectionImpl.java:4182)
	at com.mysql.jdbc.ConnectionImpl.initializePropsFromServer(ConnectionImpl.java:3585)
	at com.mysql.jdbc.ConnectionImpl.connectOneTryOnly(ConnectionImpl.java:2534)
	at com.mysql.jdbc.ConnectionImpl.createNewIO(ConnectionImpl.java:2304)
	at com.mysql.jdbc.ConnectionImpl.<init>(ConnectionImpl.java:834)
	at com.mysql.jdbc.JDBC4Connection.<init>(JDBC4Connection.java:47)
	at sun.reflect.NativeConstructorAccessorImpl.newInstance0(Native Method)
	at sun.reflect.NativeConstructorAccessorImpl.newInstance(NativeConstructorAccessorImpl.java:57)
	at sun.reflect.DelegatingConstructorAccessorImpl.newInstance(DelegatingConstructorAccessorImpl.java:45)
	at java.lang.reflect.Constructor.newInstance(Constructor.java:526)
	at com.mysql.jdbc.Util.handleNewInstance(Util.java:411)
	at com.mysql.jdbc.ConnectionImpl.getInstance(ConnectionImpl.java:416)
	at com.mysql.jdbc.NonRegisteringDriver.connect(NonRegisteringDriver.java:346)
	at java.sql.DriverManager.getConnection(DriverManager.java:571)
	at java.sql.DriverManager.getConnection(DriverManager.java:187)
	at org.logicalcobwebs.proxool.DefaultConnectionBuilder.buildConnection(DefaultConnectionBuilder.java:39)
	at org.logicalcobwebs.proxool.Prototyper.buildConnection(Prototyper.java:159)
	at org.logicalcobwebs.proxool.Prototyper.sweep(Prototyper.java:102)
	at org.logicalcobwebs.proxool.PrototyperThread.run(PrototyperThread.java:44)
ERROR 04-20 15:00:16[main] (VendorDatabaseIdProvider.java:51) - Could not get a databaseId from dataSource
java.sql.SQLException: Unsupported character encoding 'utf8
			'.
	at com.mysql.jdbc.SQLError.createSQLException(SQLError.java:1078)
	at com.mysql.jdbc.SQLError.createSQLException(SQLError.java:989)
	at com.mysql.jdbc.SQLError.createSQLException(SQLError.java:975)
	at com.mysql.jdbc.SQLError.createSQLException(SQLError.java:920)
	at com.mysql.jdbc.StringUtils.getBytes(StringUtils.java:574)
	at com.mysql.jdbc.StringUtils.getBytes(StringUtils.java:719)
	at com.mysql.jdbc.Buffer.writeStringNoNull(Buffer.java:704)
	at com.mysql.jdbc.MysqlIO.sqlQueryDirect(MysqlIO.java:2675)
	at com.mysql.jdbc.ConnectionImpl.execSQL(ConnectionImpl.java:2812)
	at com.mysql.jdbc.ConnectionImpl.execSQL(ConnectionImpl.java:2761)
	at com.mysql.jdbc.StatementImpl.executeQuery(StatementImpl.java:1612)
	at com.mysql.jdbc.ConnectionImpl.loadServerVariables(ConnectionImpl.java:4182)
	at com.mysql.jdbc.ConnectionImpl.initializePropsFromServer(ConnectionImpl.java:3585)
	at com.mysql.jdbc.ConnectionImpl.connectOneTryOnly(ConnectionImpl.java:2534)
	at com.mysql.jdbc.ConnectionImpl.createNewIO(ConnectionImpl.java:2304)
	at com.mysql.jdbc.ConnectionImpl.<init>(ConnectionImpl.java:834)
	at com.mysql.jdbc.JDBC4Connection.<init>(JDBC4Connection.java:47)
	at sun.reflect.NativeConstructorAccessorImpl.newInstance0(Native Method)
	at sun.reflect.NativeConstructorAccessorImpl.newInstance(NativeConstructorAccessorImpl.java:57)
	at sun.reflect.DelegatingConstructorAccessorImpl.newInstance(DelegatingConstructorAccessorImpl.java:45)
	at java.lang.reflect.Constructor.newInstance(Constructor.java:526)
	at com.mysql.jdbc.Util.handleNewInstance(Util.java:411)
	at com.mysql.jdbc.ConnectionImpl.getInstance(ConnectionImpl.java:416)
	at com.mysql.jdbc.NonRegisteringDriver.connect(NonRegisteringDriver.java:346)
	at java.sql.DriverManager.getConnection(DriverManager.java:571)
	at java.sql.DriverManager.getConnection(DriverManager.java:187)
	at org.logicalcobwebs.proxool.DefaultConnectionBuilder.buildConnection(DefaultConnectionBuilder.java:39)
	at org.logicalcobwebs.proxool.Prototyper.buildConnection(Prototyper.java:159)
	at org.logicalcobwebs.proxool.ConnectionPool.getConnection(ConnectionPool.java:211)
	at org.logicalcobwebs.proxool.ProxoolDataSource.getConnection(ProxoolDataSource.java:97)
	at org.apache.ibatis.mapping.VendorDatabaseIdProvider.getDatabaseProductName(VendorDatabaseIdProvider.java:76)
	at org.apache.ibatis.mapping.VendorDatabaseIdProvider.getDatabaseName(VendorDatabaseIdProvider.java:61)
	at org.apache.ibatis.mapping.VendorDatabaseIdProvider.getDatabaseId(VendorDatabaseIdProvider.java:49)
	at org.mybatis.spring.SqlSessionFactoryBean.buildSqlSessionFactory(SqlSessionFactoryBean.java:445)
	at org.mybatis.spring.SqlSessionFactoryBean.afterPropertiesSet(SqlSessionFactoryBean.java:336)
	at org.springframework.beans.factory.support.AbstractAutowireCapableBeanFactory.invokeInitMethods(AbstractAutowireCapableBeanFactory.java:1541)
	at org.springframework.beans.factory.support.AbstractAutowireCapableBeanFactory.initializeBean(AbstractAutowireCapableBeanFactory.java:1479)
	at org.springframework.beans.factory.support.AbstractAutowireCapableBeanFactory.doCreateBean(AbstractAutowireCapableBeanFactory.java:521)
	at org.springframework.beans.factory.support.AbstractAutowireCapableBeanFactory.createBean(AbstractAutowireCapableBeanFactory.java:458)
	at org.springframework.beans.factory.support.AbstractBeanFactory$1.getObject(AbstractBeanFactory.java:295)
	at org.springframework.beans.factory.support.DefaultSingletonBeanRegistry.getSingleton(DefaultSingletonBeanRegistry.java:223)
	at org.springframework.beans.factory.support.AbstractBeanFactory.doGetBean(AbstractBeanFactory.java:292)
	at org.springframework.beans.factory.support.AbstractBeanFactory.getBean(AbstractBeanFactory.java:194)
	at org.springframework.beans.factory.support.DefaultListableBeanFactory.preInstantiateSingletons(DefaultListableBeanFactory.java:610)
	at org.springframework.context.support.AbstractApplicationContext.finishBeanFactoryInitialization(AbstractApplicationContext.java:932)
	at org.springframework.context.support.AbstractApplicationContext.refresh(AbstractApplicationContext.java:479)
	at org.springframework.context.support.FileSystemXmlApplicationContext.<init>(FileSystemXmlApplicationContext.java:140)
	at org.springframework.context.support.FileSystemXmlApplicationContext.<init>(FileSystemXmlApplicationContext.java:84)
	at com.care.listener.Bootstarp.contextInitialized(Bootstarp.java:50)
	at org.eclipse.jetty.server.handler.ContextHandler.callContextInitialized(ContextHandler.java:764)
	at org.eclipse.jetty.servlet.ServletContextHandler.callContextInitialized(ServletContextHandler.java:406)
	at org.eclipse.jetty.server.handler.ContextHandler.startContext(ContextHandler.java:756)
	at org.eclipse.jetty.servlet.ServletContextHandler.startContext(ServletContextHandler.java:242)
	at org.eclipse.jetty.webapp.WebAppContext.startContext(WebAppContext.java:1221)
	at org.eclipse.jetty.server.handler.ContextHandler.doStart(ContextHandler.java:699)
	at org.eclipse.jetty.webapp.WebAppContext.doStart(WebAppContext.java:454)
	at org.eclipse.jetty.util.component.AbstractLifeCycle.start(AbstractLifeCycle.java:59)
	at org.eclipse.jetty.server.handler.HandlerWrapper.doStart(HandlerWrapper.java:90)
	at org.eclipse.jetty.server.Server.doStart(Server.java:263)
	at org.eclipse.jetty.util.component.AbstractLifeCycle.start(AbstractLifeCycle.java:59)
	at runjettyrun.Bootstrap.main(Bootstrap.java:80)
ERROR 04-20 15:01:00[qtp1392169633-17] (RequestProcessor.java:182) - An unhandled exception occurred which will be propagated to the container.
ERROR 04-20 15:01:26[qtp1392169633-24] (RequestProcessor.java:182) - An unhandled exception occurred which will be propagated to the container.
ERROR 04-20 15:01:26[qtp1392169633-17] (RequestProcessor.java:182) - An unhandled exception occurred which will be propagated to the container.
ERROR 04-20 15:01:26[qtp1392169633-19] (RequestProcessor.java:182) - An unhandled exception occurred which will be propagated to the container.
ERROR 04-20 15:11:49[qtp1360687766-20] (RequestProcessor.java:182) - An unhandled exception occurred which will be propagated to the container.
ERROR 04-20 15:12:08[qtp1360687766-21] (RequestProcessor.java:182) - An unhandled exception occurred which will be propagated to the container.
ERROR 04-20 15:12:11[qtp1360687766-21] (RequestProcessor.java:182) - An unhandled exception occurred which will be propagated to the container.
ERROR 04-20 15:12:11[qtp1360687766-24] (RequestProcessor.java:182) - An unhandled exception occurred which will be propagated to the container.
ERROR 04-20 15:12:11[qtp1360687766-22] (RequestProcessor.java:182) - An unhandled exception occurred which will be propagated to the container.
ERROR 04-20 15:12:19[qtp1360687766-19] (RequestProcessor.java:182) - An unhandled exception occurred which will be propagated to the container.
